<?xml version="1.0" encoding="UTF-8"?>
<!-- Generated by org.testng.reporters.JUnitXMLReporter -->
<testsuite hostname="Neouser-PC1" name="FireFoxTest" tests="1" failures="0" timestamp="13 Nov 2017 13:09:04 GMT" time="0.082" errors="0">
  <testcase name="@BeforeClass beforeMethod" time="0.0" classname="Scripts.FlightBooking">
    <failure type="java.lang.AssertionError" message="null">
      <![CDATA[java.lang.AssertionError: null
	at Scripts.FlightBooking.beforeMethod(FlightBooking.java:61)
... Removed 26 stack frames]]>
    </failure>
  </testcase> <!-- @BeforeClass beforeMethod -->
  <testcase name="Book_Flight" time="0.001" classname="Scripts.FlightBooking">
    <skipped/>
  </testcase> <!-- Book_Flight -->
</testsuite> <!-- FireFoxTest -->
